# JRE version: OpenJDK Runtime Environment Temurin-17.0.8.1+1 (17.0.8.1+1) (build 17.0.8.1+1)
# Java VM: OpenJDK 64-Bit Server VM Temurin-17.0.8.1+1 (17.0.8.1+1, mixed mode, tiered, compressed oops, compressed class ptrs, g1 gc, windows-amd64)
GC Precious Log:
 CPUs: 2 total, 2 available
 Memory: 12094M
 Large Page Support: Disabled
 NUMA Support: Disabled
 Compressed Oops: Enabled (Zero based)
 Heap Region Size: 2M
 Heap Min Capacity: 8M
 Heap Initial Capacity: 190M
 Heap Max Capacity: 3024M
 Pre-touch: Disabled
 Parallel Workers: 2
 Concurrent Workers: 1
 Concurrent Refinement Workers: 2
 Periodic GC: Disabled
Heap:
 garbage-first heap   total 118784K, used 29671K [0x0000000743000000, 0x0000000800000000)
  region size 2048K, 8 young (16384K), 1 survivors (2048K)
 Metaspace       used 40839K, committed 41344K, reserved 1114112K
  class space    used 5067K, committed 5312K, reserved 1048576K
GC Heap History (20 events):
Event: 3.884 GC heap before
{Heap before GC invocations=3 (full 0):
 garbage-first heap   total 194560K, used 22147K [0x0000000743000000, 0x0000000800000000)
  region size 2048K, 9 young (18432K), 1 survivors (2048K)
 Metaspace       used 15732K, committed 15936K, reserved 1114112K
  class space    used 1790K, committed 1856K, reserved 1048576K
}
Event: 3.890 GC heap after
{Heap after GC invocations=4 (full 0):
 garbage-first heap   total 194560K, used 7123K [0x0000000743000000, 0x0000000800000000)
  region size 2048K, 2 young (4096K), 2 survivors (4096K)
 Metaspace       used 15732K, committed 15936K, reserved 1114112K
  class space    used 1790K, committed 1856K, reserved 1048576K
}
Event: 4.658 GC heap before
{Heap before GC invocations=4 (full 0):
 garbage-first heap   total 194560K, used 25555K [0x0000000743000000, 0x0000000800000000)
  region size 2048K, 12 young (24576K), 2 survivors (4096K)
 Metaspace       used 21302K, committed 21504K, reserved 1114112K
  class space    used 2434K, committed 2560K, reserved 1048576K
}
Event: 4.667 GC heap after
{Heap after GC invocations=5 (full 0):
 garbage-first heap   total 194560K, used 8467K [0x0000000743000000, 0x0000000800000000)
  region size 2048K, 2 young (4096K), 2 survivors (4096K)
 Metaspace       used 21302K, committed 21504K, reserved 1114112K
  class space    used 2434K, committed 2560K, reserved 1048576K
}
Event: 6.565 GC heap before
{Heap before GC invocations=6 (full 0):
 garbage-first heap   total 40960K, used 28947K [0x0000000743000000, 0x0000000800000000)
  region size 2048K, 12 young (24576K), 2 survivors (4096K)
 Metaspace       used 24417K, committed 24704K, reserved 1114112K
  class space    used 2839K, committed 3008K, reserved 1048576K
}
Event: 6.579 GC heap after
{Heap after GC invocations=7 (full 0):
 garbage-first heap   total 40960K, used 10548K [0x0000000743000000, 0x0000000800000000)
  region size 2048K, 2 young (4096K), 2 survivors (4096K)
 Metaspace       used 24417K, committed 24704K, reserved 1114112K
  class space    used 2839K, committed 3008K, reserved 1048576K
}
Event: 6.677 GC heap before
{Heap before GC invocations=7 (full 0):
 garbage-first heap   total 40960K, used 12596K [0x0000000743000000, 0x0000000800000000)
  region size 2048K, 3 young (6144K), 2 survivors (4096K)
 Metaspace       used 24684K, committed 24960K, reserved 1114112K
  class space    used 2871K, committed 3008K, reserved 1048576K
}
Event: 6.686 GC heap after
{Heap after GC invocations=8 (full 0):
 garbage-first heap   total 40960K, used 10788K [0x0000000743000000, 0x0000000800000000)
  region size 2048K, 1 young (2048K), 1 survivors (2048K)
 Metaspace       used 24684K, committed 24960K, reserved 1114112K
  class space    used 2871K, committed 3008K, reserved 1048576K
}
Event: 7.765 GC heap before
{Heap before GC invocations=8 (full 0):
 garbage-first heap   total 40960K, used 27172K [0x0000000743000000, 0x0000000800000000)
  region size 2048K, 9 young (18432K), 1 survivors (2048K)
 Metaspace       used 26588K, committed 26880K, reserved 1114112K
  class space    used 3111K, committed 3264K, reserved 1048576K
}
Event: 7.770 GC heap after
{Heap after GC invocations=9 (full 0):
 garbage-first heap   total 40960K, used 11557K [0x0000000743000000, 0x0000000800000000)
  region size 2048K, 1 young (2048K), 1 survivors (2048K)
 Metaspace       used 26588K, committed 26880K, reserved 1114112K
  class space    used 3111K, committed 3264K, reserved 1048576K
}
Event: 8.901 GC heap before
{Heap before GC invocations=9 (full 0):
 garbage-first heap   total 40960K, used 27941K [0x0000000743000000, 0x0000000800000000)
  region size 2048K, 9 young (18432K), 1 survivors (2048K)
 Metaspace       used 29344K, committed 29696K, reserved 1114112K
  class space    used 3519K, committed 3648K, reserved 1048576K
}
Event: 8.909 GC heap after
{Heap after GC invocations=10 (full 0):
 garbage-first heap   total 40960K, used 12892K [0x0000000743000000, 0x0000000800000000)
  region size 2048K, 2 young (4096K), 2 survivors (4096K)
 Metaspace       used 29344K, committed 29696K, reserved 1114112K
  class space    used 3519K, committed 3648K, reserved 1048576K
}
Event: 10.324 GC heap before
{Heap before GC invocations=10 (full 0):
 garbage-first heap   total 40960K, used 29276K [0x0000000743000000, 0x0000000800000000)
  region size 2048K, 10 young (20480K), 2 survivors (4096K)
 Metaspace       used 32974K, committed 33344K, reserved 1114112K
  class space    used 4049K, committed 4224K, reserved 1048576K
}
Event: 10.336 GC heap after
{Heap after GC invocations=11 (full 0):
 garbage-first heap   total 40960K, used 14976K [0x0000000743000000, 0x0000000800000000)
  region size 2048K, 2 young (4096K), 2 survivors (4096K)
 Metaspace       used 32974K, committed 33344K, reserved 1114112K
  class space    used 4049K, committed 4224K, reserved 1048576K
}
Event: 11.082 GC heap before
{Heap before GC invocations=11 (full 0):
 garbage-first heap   total 40960K, used 25216K [0x0000000743000000, 0x0000000800000000)
  region size 2048K, 8 young (16384K), 2 survivors (4096K)
 Metaspace       used 35645K, committed 35968K, reserved 1114112K
  class space    used 4338K, committed 4480K, reserved 1048576K
}
Event: 11.095 GC heap after
{Heap after GC invocations=12 (full 0):
 garbage-first heap   total 40960K, used 16402K [0x0000000743000000, 0x0000000800000000)
  region size 2048K, 2 young (4096K), 2 survivors (4096K)
 Metaspace       used 35645K, committed 35968K, reserved 1114112K
  class space    used 4338K, committed 4480K, reserved 1048576K
}
Event: 11.786 GC heap before
{Heap before GC invocations=13 (full 0):
 garbage-first heap   total 40960K, used 28690K [0x0000000743000000, 0x0000000800000000)
  region size 2048K, 8 young (16384K), 2 survivors (4096K)
 Metaspace       used 36848K, committed 37248K, reserved 1114112K
  class space    used 4500K, committed 4672K, reserved 1048576K
}
Event: 11.797 GC heap after
{Heap after GC invocations=14 (full 0):
 garbage-first heap   total 118784K, used 17747K [0x0000000743000000, 0x0000000800000000)
  region size 2048K, 1 young (2048K), 1 survivors (2048K)
 Metaspace       used 36848K, committed 37248K, reserved 1114112K
  class space    used 4500K, committed 4672K, reserved 1048576K
}
Event: 13.021 GC heap before
{Heap before GC invocations=14 (full 0):
 garbage-first heap   total 118784K, used 17747K [0x0000000743000000, 0x0000000800000000)
  region size 2048K, 2 young (4096K), 1 survivors (2048K)
 Metaspace       used 37217K, committed 37696K, reserved 1114112K
  class space    used 4574K, committed 4800K, reserved 1048576K
}
Event: 13.030 GC heap after
{Heap after GC invocations=15 (full 0):
 garbage-first heap   total 118784K, used 17383K [0x0000000743000000, 0x0000000800000000)
  region size 2048K, 1 young (2048K), 1 survivors (2048K)
 Metaspace       used 37217K, committed 37696K, reserved 1114112K
  class space    used 4574K, committed 4800K, reserved 1048576K
}

